<?xml version="1.0" encoding="UTF-8"?>
<!-- Generated by org.testng.reporters.JUnitReportReporter -->
<testsuite hostname="MadhumitaGuha" failures="0" tests="1" name="com.tests.GetAndPostExample" time="5.297" errors="0" timestamp="2025-10-22T15:23:29 IST" skipped="0">
  <testcase classname="com.tests.GetAndPostExample" name="postRequestResponseExample" time="5.297"/>
</testsuite> <!-- com.tests.GetAndPostExample -->
