<?xml version="1.0" encoding="UTF-8"?>
<!-- Generated by org.testng.reporters.JUnitReportReporter -->
<testsuite hostname="MadhumitaGuha" failures="0" tests="2" name="com.tests.TestExamples" time="3.728" errors="0" timestamp="2025-10-22T15:11:18 IST" skipped="0">
  <testcase classname="com.tests.TestExamples" name="test2" time="1.081"/>
  <testcase classname="com.tests.TestExamples" name="test1" time="2.647"/>
</testsuite> <!-- com.tests.TestExamples -->
