<?xml version="1.0" encoding="UTF-8"?>
<!-- Generated by org.testng.reporters.JUnitReportReporter -->
<testsuite hostname="MadhumitaGuha" failures="0" tests="3" name="com.tests.PutPatchAndDeleteExample" time="4.733" errors="0" timestamp="2025-10-22T15:43:58 IST" skipped="0">
  <testcase classname="com.tests.PutPatchAndDeleteExample" name="putRequestResponseExample" time="0.253"/>
  <testcase classname="com.tests.PutPatchAndDeleteExample" name="deleteRequestResponseExample" time="4.025"/>
  <testcase classname="com.tests.PutPatchAndDeleteExample" name="patchRequestResponseExample" time="0.455"/>
</testsuite> <!-- com.tests.PutPatchAndDeleteExample -->
